<?xml version="1.0" encoding="UTF-8"?>
<testng-results ignored="0" total="1" passed="1" failed="0" skipped="0">
  <reporter-output>
  </reporter-output>
  <suite started-at="2022-06-16T13:09:35 GMT+05:30" name="Default suite" finished-at="2022-06-16T13:09:45 GMT+05:30" duration-ms="10146">
    <groups>
    </groups>
    <test started-at="2022-06-16T13:09:35 GMT+05:30" name="Default test" finished-at="2022-06-16T13:09:45 GMT+05:30" duration-ms="10146">
      <class name="Task_15_06_22.Ebay">
        <test-method is-config="true" signature="launchBrower()[pri:0, instance:Task_15_06_22.Ebay@611889f4]" started-at="2022-06-16T13:09:35 GMT+05:30" name="launchBrower" finished-at="2022-06-16T13:09:42 GMT+05:30" duration-ms="6723" status="PASS">
          <reporter-output>
          </reporter-output>
        </test-method> <!-- launchBrower -->
        <test-method signature="login()[pri:0, instance:Task_15_06_22.Ebay@611889f4]" started-at="2022-06-16T13:09:42 GMT+05:30" name="login" finished-at="2022-06-16T13:09:45 GMT+05:30" duration-ms="3329" status="PASS">
          <reporter-output>
          </reporter-output>
        </test-method> <!-- login -->
      </class> <!-- Task_15_06_22.Ebay -->
    </test> <!-- Default test -->
  </suite> <!-- Default suite -->
</testng-results>
